<?xml version="1.0" encoding="UTF-8"?>
<!-- Generated by org.testng.reporters.JUnitReportReporter -->
<testsuite skipped="0" hostname="lokeshs-MacBook-Air.local" name="com.cvx.qa.runners.GoIbiboTestRunnerSafari" tests="1" failures="0" timestamp="25 Nov 2019 14:02:05 GMT" time="20.271" errors="0">
  <testcase name="feature" time="20.271" classname="com.cvx.qa.runners.GoIbiboTestRunnerSafari"/>
</testsuite> <!-- com.cvx.qa.runners.GoIbiboTestRunnerSafari -->
