<?xml version="1.0" encoding="UTF-8"?>
<!-- Generated by org.testng.reporters.JUnitReportReporter -->
<testsuite skipped="0" hostname="lokeshs-MacBook-Air.local" name="com.cvx.qa.runners.GoIbiboTestRunnerIOSMobileSafari" tests="1" failures="0" timestamp="26 Nov 2019 12:31:47 GMT" time="41.963" errors="0">
  <testcase name="feature" time="41.963" classname="com.cvx.qa.runners.GoIbiboTestRunnerIOSMobileSafari"/>
</testsuite> <!-- com.cvx.qa.runners.GoIbiboTestRunnerIOSMobileSafari -->
