<?xml version="1.0" encoding="UTF-8"?>
<!-- Generated by org.testng.reporters.JUnitReportReporter -->
<testsuite skipped="0" hostname="lokeshs-MacBook-Air.local" name="com.cvx.qa.runners.GoIbiboTestRunnerIOSTabSafari" tests="1" failures="0" timestamp="26 Nov 2019 12:31:42 GMT" time="39.354" errors="0">
  <testcase name="feature" time="39.354" classname="com.cvx.qa.runners.GoIbiboTestRunnerIOSTabSafari"/>
</testsuite> <!-- com.cvx.qa.runners.GoIbiboTestRunnerIOSTabSafari -->
